cl : Command line warning D9007: '/Gm' requires '/Zi or /ZI'; option ignored
  Cgdi.cpp
..\Common\misc\Cgdi.cpp(8): error C2143: syntax error: missing ';' before '*'
..\Common\misc\Cgdi.cpp(8): error C4430: missing type specifier - int assumed. Note: C++ does not support default-int
..\Common\misc\Cgdi.cpp(8): error C2825: 'Cgdi': must be a class or namespace when followed by '::'
..\Common\misc\Cgdi.cpp(8): error C2510: 'Cgdi': left of '::' must be a class/struct/union
..\Common\misc\Cgdi.cpp(9): error C4430: missing type specifier - int assumed. Note: C++ does not support default-int
..\Common\misc\Cgdi.cpp(9): error C2059: syntax error: '{'
..\Common\misc\Cgdi.cpp(9): error C2143: syntax error: missing ';' before '{'
..\Common\misc\Cgdi.cpp(9): error C2447: '{': missing function header (old-style formal list?)
..\Common\misc\Cgdi.cpp(14): error C2825: 'Cgdi': must be a class or namespace when followed by '::'
..\Common\misc\Cgdi.cpp(14): error C2510: 'Cgdi': left of '::' must be a class/struct/union
..\Common\misc\Cgdi.cpp(15): error C4430: missing type specifier - int assumed. Note: C++ does not support default-int
..\Common\misc\Cgdi.cpp(15): error C2365: 'Cgdi': redefinition; previous definition was 'data variable'
  ..\Common\misc\Cgdi.cpp(8): note: see declaration of 'Cgdi'
..\Common\misc\Cgdi.cpp(16): error C2065: 'm_BlackPen': undeclared identifier
..\Common\misc\Cgdi.cpp(16): error C2065: 'PS_SOLID': undeclared identifier
..\Common\misc\Cgdi.cpp(16): error C2065: 'colors': undeclared identifier
..\Common\misc\Cgdi.cpp(16): error C2065: 'black': undeclared identifier
..\Common\misc\Cgdi.cpp(16): error C3861: 'CreatePen': identifier not found
..\Common\misc\Cgdi.cpp(17): error C2065: 'm_WhitePen': undeclared identifier
..\Common\misc\Cgdi.cpp(17): error C2065: 'PS_SOLID': undeclared identifier
..\Common\misc\Cgdi.cpp(17): error C2065: 'colors': undeclared identifier
..\Common\misc\Cgdi.cpp(17): error C2065: 'white': undeclared identifier
..\Common\misc\Cgdi.cpp(17): error C3861: 'CreatePen': identifier not found
..\Common\misc\Cgdi.cpp(18): error C2065: 'm_RedPen': undeclared identifier
..\Common\misc\Cgdi.cpp(18): error C2065: 'PS_SOLID': undeclared identifier
..\Common\misc\Cgdi.cpp(18): error C2065: 'colors': undeclared identifier
..\Common\misc\Cgdi.cpp(18): error C2065: 'red': undeclared identifier
..\Common\misc\Cgdi.cpp(18): error C3861: 'CreatePen': identifier not found
..\Common\misc\Cgdi.cpp(19): error C2065: 'm_GreenPen': undeclared identifier
..\Common\misc\Cgdi.cpp(19): error C2065: 'PS_SOLID': undeclared identifier
..\Common\misc\Cgdi.cpp(19): error C2065: 'colors': undeclared identifier
..\Common\misc\Cgdi.cpp(19): error C2065: 'green': undeclared identifier
..\Common\misc\Cgdi.cpp(19): error C3861: 'CreatePen': identifier not found
..\Common\misc\Cgdi.cpp(20): error C2065: 'm_BluePen': undeclared identifier
..\Common\misc\Cgdi.cpp(20): error C2065: 'PS_SOLID': undeclared identifier
..\Common\misc\Cgdi.cpp(20): error C2065: 'colors': undeclared identifier
..\Common\misc\Cgdi.cpp(20): error C2065: 'blue': undeclared identifier
..\Common\misc\Cgdi.cpp(20): error C3861: 'CreatePen': identifier not found
..\Common\misc\Cgdi.cpp(21): error C2065: 'm_GreyPen': undeclared identifier
..\Common\misc\Cgdi.cpp(21): error C2065: 'PS_SOLID': undeclared identifier
..\Common\misc\Cgdi.cpp(21): error C2065: 'colors': undeclared identifier
..\Common\misc\Cgdi.cpp(21): error C2065: 'grey': undeclared identifier
..\Common\misc\Cgdi.cpp(21): error C3861: 'CreatePen': identifier not found
..\Common\misc\Cgdi.cpp(22): error C2065: 'm_PinkPen': undeclared identifier
..\Common\misc\Cgdi.cpp(22): error C2065: 'PS_SOLID': undeclared identifier
..\Common\misc\Cgdi.cpp(22): error C2065: 'colors': undeclared identifier
..\Common\misc\Cgdi.cpp(22): error C2065: 'pink': undeclared identifier
..\Common\misc\Cgdi.cpp(22): error C3861: 'CreatePen': identifier not found
..\Common\misc\Cgdi.cpp(23): error C2065: 'm_YellowPen': undeclared identifier
..\Common\misc\Cgdi.cpp(23): error C2065: 'PS_SOLID': undeclared identifier
..\Common\misc\Cgdi.cpp(23): error C2065: 'colors': undeclared identifier
..\Common\misc\Cgdi.cpp(23): error C2065: 'yellow': undeclared identifier
..\Common\misc\Cgdi.cpp(23): error C3861: 'CreatePen': identifier not found
..\Common\misc\Cgdi.cpp(24): error C2065: 'm_OrangePen': undeclared identifier
..\Common\misc\Cgdi.cpp(24): error C2065: 'PS_SOLID': undeclared identifier
..\Common\misc\Cgdi.cpp(24): error C2065: 'colors': undeclared identifier
..\Common\misc\Cgdi.cpp(24): error C2065: 'orange': undeclared identifier
..\Common\misc\Cgdi.cpp(24): error C3861: 'CreatePen': identifier not found
..\Common\misc\Cgdi.cpp(25): error C2065: 'm_PurplePen': undeclared identifier
..\Common\misc\Cgdi.cpp(25): error C2065: 'PS_SOLID': undeclared identifier
..\Common\misc\Cgdi.cpp(25): error C2065: 'colors': undeclared identifier
..\Common\misc\Cgdi.cpp(25): error C2065: 'purple': undeclared identifier
..\Common\misc\Cgdi.cpp(25): error C3861: 'CreatePen': identifier not found
..\Common\misc\Cgdi.cpp(26): error C2065: 'm_BrownPen': undeclared identifier
..\Common\misc\Cgdi.cpp(26): error C2065: 'PS_SOLID': undeclared identifier
..\Common\misc\Cgdi.cpp(26): error C2065: 'colors': undeclared identifier
..\Common\misc\Cgdi.cpp(26): error C2065: 'brown': undeclared identifier
..\Common\misc\Cgdi.cpp(26): error C3861: 'CreatePen': identifier not found
..\Common\misc\Cgdi.cpp(28): error C2065: 'm_DarkGreenPen': undeclared identifier
..\Common\misc\Cgdi.cpp(28): error C2065: 'PS_SOLID': undeclared identifier
..\Common\misc\Cgdi.cpp(28): error C2065: 'colors': undeclared identifier
..\Common\misc\Cgdi.cpp(28): error C2065: 'dark_green': undeclared identifier
..\Common\misc\Cgdi.cpp(28): error C3861: 'CreatePen': identifier not found
..\Common\misc\Cgdi.cpp(30): error C2065: 'm_LightBluePen': undeclared identifier
..\Common\misc\Cgdi.cpp(30): error C2065: 'PS_SOLID': undeclared identifier
..\Common\misc\Cgdi.cpp(30): error C2065: 'colors': undeclared identifier
..\Common\misc\Cgdi.cpp(30): error C2065: 'light_blue': undeclared identifier
..\Common\misc\Cgdi.cpp(30): error C3861: 'CreatePen': identifier not found
..\Common\misc\Cgdi.cpp(31): error C2065: 'm_LightGreyPen': undeclared identifier
..\Common\misc\Cgdi.cpp(31): error C2065: 'PS_SOLID': undeclared identifier
..\Common\misc\Cgdi.cpp(31): error C2065: 'colors': undeclared identifier
..\Common\misc\Cgdi.cpp(31): error C2065: 'light_grey': undeclared identifier
..\Common\misc\Cgdi.cpp(31): error C3861: 'CreatePen': identifier not found
..\Common\misc\Cgdi.cpp(32): error C2065: 'm_LightPinkPen': undeclared identifier
..\Common\misc\Cgdi.cpp(32): error C2065: 'PS_SOLID': undeclared identifier
..\Common\misc\Cgdi.cpp(32): error C2065: 'colors': undeclared identifier
..\Common\misc\Cgdi.cpp(32): error C2065: 'light_pink': undeclared identifier
..\Common\misc\Cgdi.cpp(32): error C3861: 'CreatePen': identifier not found
..\Common\misc\Cgdi.cpp(34): error C2065: 'm_ThickBlackPen': undeclared identifier
..\Common\misc\Cgdi.cpp(34): error C2065: 'PS_SOLID': undeclared identifier
..\Common\misc\Cgdi.cpp(34): error C2065: 'colors': undeclared identifier
..\Common\misc\Cgdi.cpp(34): error C2065: 'black': undeclared identifier
..\Common\misc\Cgdi.cpp(34): error C3861: 'CreatePen': identifier not found
..\Common\misc\Cgdi.cpp(35): error C2065: 'm_ThickWhitePen': undeclared identifier
..\Common\misc\Cgdi.cpp(35): error C2065: 'PS_SOLID': undeclared identifier
..\Common\misc\Cgdi.cpp(35): error C2065: 'colors': undeclared identifier
..\Common\misc\Cgdi.cpp(35): error C2065: 'white': undeclared identifier
..\Common\misc\Cgdi.cpp(35): error C3861: 'CreatePen': identifier not found
..\Common\misc\Cgdi.cpp(36): error C2065: 'm_ThickRedPen': undeclared identifier
..\Common\misc\Cgdi.cpp(36): error C2065: 'PS_SOLID': undeclared identifier
..\Common\misc\Cgdi.cpp(36): error C2065: 'colors': undeclared identifier
..\Common\misc\Cgdi.cpp(36): error C2065: 'red': undeclared identifier
..\Common\misc\Cgdi.cpp(36): error C3861: 'CreatePen': identifier not found
..\Common\misc\Cgdi.cpp(37): error C2065: 'm_ThickGreenPen': undeclared identifier
..\Common\misc\Cgdi.cpp(37): error C2065: 'PS_SOLID': undeclared identifier
..\Common\misc\Cgdi.cpp(37): fatal error C1003: error count exceeds 100; stopping compilation
  WindowUtils.cpp
..\Common\misc\WindowUtils.cpp(51): error C2039: 'string': is not a member of 'std'
  C:\Program Files (x86)\Windows Kits\10\Include\10.0.10240.0\ucrt\stddef.h(18): note: see declaration of 'std'
..\Common\misc\WindowUtils.cpp(51): error C2065: 'string': undeclared identifier
..\Common\misc\WindowUtils.cpp(51): error C2146: syntax error: missing ';' before identifier 's'
..\Common\misc\WindowUtils.cpp(51): error C2065: 's': undeclared identifier
..\Common\misc\WindowUtils.cpp(51): error C3861: 'ttos': identifier not found
..\Common\misc\WindowUtils.cpp(53): error C2065: 's': undeclared identifier
..\Common\misc\WindowUtils.cpp(53): error C2228: left of '.length' must have class/struct/union
  ..\Common\misc\WindowUtils.cpp(53): note: type is 'unknown-type'
..\Common\misc\WindowUtils.cpp(63): error C2039: 'string': is not a member of 'std'
  C:\Program Files (x86)\Windows Kits\10\Include\10.0.10240.0\ucrt\stddef.h(18): note: see declaration of 'std'
..\Common\misc\WindowUtils.cpp(63): error C2065: 'string': undeclared identifier
..\Common\misc\WindowUtils.cpp(63): error C2065: 'msg': undeclared identifier
..\Common\misc\WindowUtils.cpp(63): error C2182: 'ErrorBox': illegal use of type 'void'
..\Common\misc\WindowUtils.cpp(64): error C2448: 'ErrorBox': function-style initializer appears to be a function definition
..\Common\misc\WindowUtils.cpp(69): error C2365: 'ErrorBox': redefinition; previous definition was 'data variable'
  ..\Common\misc\WindowUtils.cpp(63): note: see declaration of 'ErrorBox'
..\Common\misc\WindowUtils.cpp(74): error C4430: missing type specifier - int assumed. Note: C++ does not support default-int
..\Common\misc\WindowUtils.cpp(74): error C2146: syntax error: missing ';' before identifier 'GetClientCursorPosition'
..\Common\misc\WindowUtils.cpp(75): error C2143: syntax error: missing ';' before '{'
..\Common\misc\WindowUtils.cpp(75): error C2447: '{': missing function header (old-style formal list?)
..\Common\misc\WindowUtils.cpp(86): error C4430: missing type specifier - int assumed. Note: C++ does not support default-int
..\Common\misc\WindowUtils.cpp(86): error C2086: 'int Vector2D': redefinition
  ..\Common\misc\WindowUtils.cpp(74): note: see declaration of 'Vector2D'
..\Common\misc\WindowUtils.cpp(86): error C2146: syntax error: missing ';' before identifier 'GetClientCursorPosition'
..\Common\misc\WindowUtils.cpp(87): error C2143: syntax error: missing ';' before '{'
..\Common\misc\WindowUtils.cpp(87): error C2447: '{': missing function header (old-style formal list?)
..\Common\misc\WindowUtils.cpp(105): error C2039: 'string': is not a member of 'std'
  C:\Program Files (x86)\Windows Kits\10\Include\10.0.10240.0\ucrt\stddef.h(18): note: see declaration of 'std'
..\Common\misc\WindowUtils.cpp(105): error C4430: missing type specifier - int assumed. Note: C++ does not support default-int
..\Common\misc\WindowUtils.cpp(105): error C2143: syntax error: missing ',' before '&'
..\Common\misc\WindowUtils.cpp(108): error C2039: 'string': is not a member of 'std'
  C:\Program Files (x86)\Windows Kits\10\Include\10.0.10240.0\ucrt\stddef.h(18): note: see declaration of 'std'
..\Common\misc\WindowUtils.cpp(108): error C2146: syntax error: missing ';' before identifier 'filter'
..\Common\misc\WindowUtils.cpp(108): error C2065: 'filter': undeclared identifier
..\Common\misc\WindowUtils.cpp(108): error C2065: 'defaultFileTypeDescription': undeclared identifier
..\Common\misc\WindowUtils.cpp(108): error C2065: 'defaultFileExtension': undeclared identifier
..\Common\misc\WindowUtils.cpp(113): error C2065: 'filter': undeclared identifier
..\Common\misc\WindowUtils.cpp(113): error C2228: left of '.size' must have class/struct/union
  ..\Common\misc\WindowUtils.cpp(113): note: type is 'unknown-type'
..\Common\misc\WindowUtils.cpp(115): error C2065: 'filter': undeclared identifier
..\Common\misc\WindowUtils.cpp(115): error C2228: left of '.at' must have class/struct/union
  ..\Common\misc\WindowUtils.cpp(115): note: type is 'unknown-type'
..\Common\misc\WindowUtils.cpp(134): error C2065: 'defaultFileExtension': undeclared identifier
..\Common\misc\WindowUtils.cpp(134): error C2228: left of '.c_str' must have class/struct/union
  ..\Common\misc\WindowUtils.cpp(134): note: type is 'unknown-type'
..\Common\misc\WindowUtils.cpp(146): error C2039: 'string': is not a member of 'std'
  C:\Program Files (x86)\Windows Kits\10\Include\10.0.10240.0\ucrt\stddef.h(18): note: see declaration of 'std'
..\Common\misc\WindowUtils.cpp(146): error C4430: missing type specifier - int assumed. Note: C++ does not support default-int
..\Common\misc\WindowUtils.cpp(146): error C2143: syntax error: missing ',' before '&'
..\Common\misc\WindowUtils.cpp(151): error C2065: 'defaultFileTypeDescription': undeclared identifier
..\Common\misc\WindowUtils.cpp(151): error C2065: 'defaultFileExtension': undeclared identifier
..\Common\misc\WindowUtils.cpp(164): error C2039: 'string': is not a member of 'std'
  C:\Program Files (x86)\Windows Kits\10\Include\10.0.10240.0\ucrt\stddef.h(18): note: see declaration of 'std'
..\Common\misc\WindowUtils.cpp(164): error C4430: missing type specifier - int assumed. Note: C++ does not support default-int
..\Common\misc\WindowUtils.cpp(164): error C2143: syntax error: missing ',' before '&'
..\Common\misc\WindowUtils.cpp(167): error C2065: 'defaultFileTypeDescription': undeclared identifier
..\Common\misc\WindowUtils.cpp(167): error C2065: 'defaultFileExtension': undeclared identifier
  PrecisionTimer.cpp
..\Common\Time\PrecisionTimer.cpp(7): error C2653: 'PrecisionTimer': is not a class or namespace name
..\Common\Time\PrecisionTimer.cpp(7): error C4430: missing type specifier - int assumed. Note: C++ does not support default-int
..\Common\Time\PrecisionTimer.cpp(18): error C2550: 'PrecisionTimer': constructor initializer lists are only allowed on constructor definitions
..\Common\Time\PrecisionTimer.cpp(20): error C2065: 'LARGE_INTEGER': undeclared identifier
..\Common\Time\PrecisionTimer.cpp(20): error C2059: syntax error: ')'
..\Common\Time\PrecisionTimer.cpp(22): error C2065: 'm_TimeScale': undeclared identifier
..\Common\Time\PrecisionTimer.cpp(22): error C2065: 'm_PerfCountFreq': undeclared identifier
..\Common\Time\PrecisionTimer.cpp(23): warning C4508: 'PrecisionTimer': function should return a value; 'void' return type assumed
..\Common\Time\PrecisionTimer.cpp(30): error C2653: 'PrecisionTimer': is not a class or namespace name
..\Common\Time\PrecisionTimer.cpp(30): error C4430: missing type specifier - int assumed. Note: C++ does not support default-int
..\Common\Time\PrecisionTimer.cpp(41): error C2550: 'PrecisionTimer': constructor initializer lists are only allowed on constructor definitions
..\Common\Time\PrecisionTimer.cpp(44): error C2065: 'LARGE_INTEGER': undeclared identifier
..\Common\Time\PrecisionTimer.cpp(44): error C2059: syntax error: ')'
..\Common\Time\PrecisionTimer.cpp(46): error C2065: 'm_TimeScale': undeclared identifier
..\Common\Time\PrecisionTimer.cpp(46): error C2065: 'm_PerfCountFreq': undeclared identifier
..\Common\Time\PrecisionTimer.cpp(49): error C2065: 'm_FrameTime': undeclared identifier
..\Common\Time\PrecisionTimer.cpp(49): error C2065: 'LONGLONG': undeclared identifier
..\Common\Time\PrecisionTimer.cpp(49): error C2065: 'm_PerfCountFreq': undeclared identifier
..\Common\Time\PrecisionTimer.cpp(49): error C2065: 'm_NormalFPS': undeclared identifier
..\Common\Time\PrecisionTimer.cpp(50): warning C4508: 'PrecisionTimer': function should return a value; 'void' return type assumed
..\Common\Time\PrecisionTimer.cpp(60): error C2653: 'PrecisionTimer': is not a class or namespace name
..\Common\Time\PrecisionTimer.cpp(62): error C2065: 'm_bStarted': undeclared identifier
..\Common\Time\PrecisionTimer.cpp(64): error C2065: 'm_TimeElapsed': undeclared identifier
..\Common\Time\PrecisionTimer.cpp(67): error C2065: 'LARGE_INTEGER': undeclared identifier
..\Common\Time\PrecisionTimer.cpp(67): error C2059: syntax error: ')'
..\Common\Time\PrecisionTimer.cpp(70): error C2065: 'm_StartTime': undeclared identifier
..\Common\Time\PrecisionTimer.cpp(70): error C2065: 'm_LastTimeInTimeElapsed': undeclared identifier
..\Common\Time\PrecisionTimer.cpp(70): error C2065: 'm_LastTime': undeclared identifier
..\Common\Time\PrecisionTimer.cpp(73): error C2065: 'm_NextTime': undeclared identifier
..\Common\Time\PrecisionTimer.cpp(73): error C2065: 'm_LastTime': undeclared identifier
..\Common\Time\PrecisionTimer.cpp(73): error C2065: 'm_FrameTime': undeclared identifier
  main.cpp
c:\users\christopher.harper\desktop\github\gameai-pathfinding-2.0\buckland_chapter5-pathfinder\Pathfinder.h(65): error C2143: syntax error: missing ';' before '<'
c:\users\christopher.harper\desktop\github\gameai-pathfinding-2.0\buckland_chapter5-pathfinder\Pathfinder.h(65): error C4430: missing type specifier - int assumed. Note: C++ does not support default-int
c:\users\christopher.harper\desktop\github\gameai-pathfinding-2.0\buckland_chapter5-pathfinder\Pathfinder.h(65): error C2238: unexpected token(s) preceding ';'
c:\users\christopher.harper\desktop\github\gameai-pathfinding-2.0\buckland_chapter5-pathfinder\Pathfinder.h(67): error C2143: syntax error: missing ';' before '*'
c:\users\christopher.harper\desktop\github\gameai-pathfinding-2.0\buckland_chapter5-pathfinder\Pathfinder.h(67): error C4430: missing type specifier - int assumed. Note: C++ does not support default-int
c:\users\christopher.harper\desktop\github\gameai-pathfinding-2.0\buckland_chapter5-pathfinder\Pathfinder.h(67): error C2238: unexpected token(s) preceding ';'
c:\users\christopher.harper\desktop\github\gameai-pathfinding-2.0\buckland_chapter5-pathfinder\Pathfinder.h(71): error C4430: missing type specifier - int assumed. Note: C++ does not support default-int
c:\users\christopher.harper\desktop\github\gameai-pathfinding-2.0\buckland_chapter5-pathfinder\Pathfinder.h(71): error C2146: syntax error: missing '>' before identifier 'GraphEdge'
C:\Program Files (x86)\Microsoft Visual Studio\2017\Enterprise\VC\Tools\MSVC\14.12.25827\include\xmemory0(1002): error C2338: The C++ Standard forbids containers of const elements because allocator<const T> is ill-formed.
  C:\Program Files (x86)\Microsoft Visual Studio\2017\Enterprise\VC\Tools\MSVC\14.12.25827\include\xmemory0(967): note: see reference to class template instantiation 'std::allocator<_Ty>' being compiled
          with
          [
              _Ty=const int
          ]
  C:\Program Files (x86)\Microsoft Visual Studio\2017\Enterprise\VC\Tools\MSVC\14.12.25827\include\vector(404): note: see reference to class template instantiation 'std::allocator_traits<_Alloc>' being compiled
          with
          [
              _Alloc=std::allocator<const int>
          ]
  C:\Program Files (x86)\Microsoft Visual Studio\2017\Enterprise\VC\Tools\MSVC\14.12.25827\include\vector(449): note: see reference to class template instantiation 'std::_Vec_base_types<_Ty,_Alloc>' being compiled
          with
          [
              _Ty=const int,
              _Alloc=std::allocator<const int>
          ]
  C:\Program Files (x86)\Microsoft Visual Studio\2017\Enterprise\VC\Tools\MSVC\14.12.25827\include\vector(659): note: see reference to class template instantiation 'std::_Vector_alloc<std::_Vec_base_types<_Ty,_Alloc>>' being compiled
          with
          [
              _Ty=const int,
              _Alloc=std::allocator<const int>
          ]
  c:\users\christopher.harper\desktop\github\gameai-pathfinding-2.0\buckland_chapter5-pathfinder\Pathfinder.h(71): note: see reference to class template instantiation 'std::vector<const int,std::allocator<_Ty>>' being compiled
          with
          [
              _Ty=const int
          ]
C:\Program Files (x86)\Microsoft Visual Studio\2017\Enterprise\VC\Tools\MSVC\14.12.25827\include\xmemory0(1034): error C2535: 'const int *std::allocator<_Ty>::address(_Ty &) noexcept const': member function already defined or declared
          with
          [
              _Ty=const int
          ]
  C:\Program Files (x86)\Microsoft Visual Studio\2017\Enterprise\VC\Tools\MSVC\14.12.25827\include\xmemory0(1028): note: see declaration of 'std::allocator<_Ty>::address'
          with
          [
              _Ty=const int
          ]
c:\users\christopher.harper\desktop\github\gameai-pathfinding-2.0\buckland_chapter5-pathfinder\Pathfinder.h(137): error C2614: 'Pathfinder': illegal member initialization: 'm_pGraph' is not a base or member
c:\users\christopher.harper\desktop\github\gameai-pathfinding-2.0\buckland_chapter5-pathfinder\Pathfinder.h(140): error C2065: 'm_pGraph': undeclared identifier
c:\users\christopher.harper\desktop\github\gameai-pathfinding-2.0\buckland_chapter5-pathfinder\Pathfinder.h(140): error C2541: 'delete': cannot delete objects that are not pointers
main.cpp(130): error C3861: 'CheckMenuItemAppropriately': identifier not found
main.cpp(131): error C3861: 'CheckMenuItemAppropriately': identifier not found
main.cpp(199): error C3861: 'RedrawWindowRect': identifier not found
main.cpp(211): error C3861: 'RedrawWindowRect': identifier not found
main.cpp(226): error C3861: 'RedrawWindowRect': identifier not found
main.cpp(311): error C3861: 'FileOpenDlg': identifier not found
main.cpp(329): error C3861: 'FileSaveDlg': identifier not found
main.cpp(355): error C3861: 'ChangeMenuState': identifier not found
main.cpp(361): error C3861: 'ChangeMenuState': identifier not found
main.cpp(372): error C3861: 'ChangeMenuState': identifier not found
main.cpp(378): error C3861: 'ChangeMenuState': identifier not found
main.cpp(387): error C3861: 'RedrawWindowRect': identifier not found
main.cpp(409): error C2065: 'gdi': undeclared identifier
main.cpp(409): error C2227: left of '->StartDrawing' must point to class/struct/union/generic type
  main.cpp(409): note: type is 'unknown-type'
main.cpp(413): error C2065: 'gdi': undeclared identifier
main.cpp(413): error C2227: left of '->StopDrawing' must point to class/struct/union/generic type
  main.cpp(413): note: type is 'unknown-type'
  Pathfinder.cpp
c:\users\christopher.harper\desktop\github\gameai-pathfinding-2.0\buckland_chapter5-pathfinder\Pathfinder.h(65): error C2143: syntax error: missing ';' before '<'
c:\users\christopher.harper\desktop\github\gameai-pathfinding-2.0\buckland_chapter5-pathfinder\Pathfinder.h(65): error C4430: missing type specifier - int assumed. Note: C++ does not support default-int
c:\users\christopher.harper\desktop\github\gameai-pathfinding-2.0\buckland_chapter5-pathfinder\Pathfinder.h(65): error C2238: unexpected token(s) preceding ';'
c:\users\christopher.harper\desktop\github\gameai-pathfinding-2.0\buckland_chapter5-pathfinder\Pathfinder.h(67): error C2143: syntax error: missing ';' before '*'
c:\users\christopher.harper\desktop\github\gameai-pathfinding-2.0\buckland_chapter5-pathfinder\Pathfinder.h(67): error C4430: missing type specifier - int assumed. Note: C++ does not support default-int
c:\users\christopher.harper\desktop\github\gameai-pathfinding-2.0\buckland_chapter5-pathfinder\Pathfinder.h(67): error C2238: unexpected token(s) preceding ';'
c:\users\christopher.harper\desktop\github\gameai-pathfinding-2.0\buckland_chapter5-pathfinder\Pathfinder.h(71): error C4430: missing type specifier - int assumed. Note: C++ does not support default-int
c:\users\christopher.harper\desktop\github\gameai-pathfinding-2.0\buckland_chapter5-pathfinder\Pathfinder.h(71): error C2146: syntax error: missing '>' before identifier 'GraphEdge'
C:\Program Files (x86)\Microsoft Visual Studio\2017\Enterprise\VC\Tools\MSVC\14.12.25827\include\xmemory0(1002): error C2338: The C++ Standard forbids containers of const elements because allocator<const T> is ill-formed.
  C:\Program Files (x86)\Microsoft Visual Studio\2017\Enterprise\VC\Tools\MSVC\14.12.25827\include\xmemory0(967): note: see reference to class template instantiation 'std::allocator<_Ty>' being compiled
          with
          [
              _Ty=const int
          ]
  C:\Program Files (x86)\Microsoft Visual Studio\2017\Enterprise\VC\Tools\MSVC\14.12.25827\include\vector(404): note: see reference to class template instantiation 'std::allocator_traits<_Alloc>' being compiled
          with
          [
              _Alloc=std::allocator<const int>
          ]
  C:\Program Files (x86)\Microsoft Visual Studio\2017\Enterprise\VC\Tools\MSVC\14.12.25827\include\vector(449): note: see reference to class template instantiation 'std::_Vec_base_types<_Ty,_Alloc>' being compiled
          with
          [
              _Ty=const int,
              _Alloc=std::allocator<const int>
          ]
  C:\Program Files (x86)\Microsoft Visual Studio\2017\Enterprise\VC\Tools\MSVC\14.12.25827\include\vector(659): note: see reference to class template instantiation 'std::_Vector_alloc<std::_Vec_base_types<_Ty,_Alloc>>' being compiled
          with
          [
              _Ty=const int,
              _Alloc=std::allocator<const int>
          ]
  c:\users\christopher.harper\desktop\github\gameai-pathfinding-2.0\buckland_chapter5-pathfinder\Pathfinder.h(71): note: see reference to class template instantiation 'std::vector<const int,std::allocator<_Ty>>' being compiled
          with
          [
              _Ty=const int
          ]
C:\Program Files (x86)\Microsoft Visual Studio\2017\Enterprise\VC\Tools\MSVC\14.12.25827\include\xmemory0(1034): error C2535: 'const int *std::allocator<_Ty>::address(_Ty &) noexcept const': member function already defined or declared
          with
          [
              _Ty=const int
          ]
  C:\Program Files (x86)\Microsoft Visual Studio\2017\Enterprise\VC\Tools\MSVC\14.12.25827\include\xmemory0(1028): note: see declaration of 'std::allocator<_Ty>::address'
          with
          [
              _Ty=const int
          ]
c:\users\christopher.harper\desktop\github\gameai-pathfinding-2.0\buckland_chapter5-pathfinder\Pathfinder.h(137): error C2614: 'Pathfinder': illegal member initialization: 'm_pGraph' is not a base or member
c:\users\christopher.harper\desktop\github\gameai-pathfinding-2.0\buckland_chapter5-pathfinder\Pathfinder.h(140): error C2065: 'm_pGraph': undeclared identifier
c:\users\christopher.harper\desktop\github\gameai-pathfinding-2.0\buckland_chapter5-pathfinder\Pathfinder.h(140): error C2541: 'delete': cannot delete objects that are not pointers
c:\users\christopher.harper\desktop\github\gameai-pathfinding-2.0\buckland_chapter5-pathfinder\..\Common/misc/Cgdi.h(217): error C2061: syntax error: identifier 'Vector2D'
c:\users\christopher.harper\desktop\github\gameai-pathfinding-2.0\buckland_chapter5-pathfinder\..\Common/misc/Cgdi.h(231): error C2061: syntax error: identifier 'Vector2D'
c:\users\christopher.harper\desktop\github\gameai-pathfinding-2.0\buckland_chapter5-pathfinder\..\Common/misc/Cgdi.h(243): error C2061: syntax error: identifier 'Vector2D'
c:\users\christopher.harper\desktop\github\gameai-pathfinding-2.0\buckland_chapter5-pathfinder\..\Common/misc/Cgdi.h(263): error C2065: 'Vector2D': undeclared identifier
c:\users\christopher.harper\desktop\github\gameai-pathfinding-2.0\buckland_chapter5-pathfinder\..\Common/misc/Cgdi.h(263): error C2923: 'std::vector': 'Vector2D' is not a valid template type argument for parameter '_Ty'
c:\users\christopher.harper\desktop\github\gameai-pathfinding-2.0\buckland_chapter5-pathfinder\..\Common/misc/Cgdi.h(263): error C3203: 'allocator': unspecialized class template can't be used as a template argument for template parameter '_Alloc', expected a real type
c:\users\christopher.harper\desktop\github\gameai-pathfinding-2.0\buckland_chapter5-pathfinder\..\Common/misc/Cgdi.h(276): error C2061: syntax error: identifier 'Vector2D'
c:\users\christopher.harper\desktop\github\gameai-pathfinding-2.0\buckland_chapter5-pathfinder\..\Common/misc/Cgdi.h(303): error C2061: syntax error: identifier 'Vector2D'
c:\users\christopher.harper\desktop\github\gameai-pathfinding-2.0\buckland_chapter5-pathfinder\..\Common/misc/Cgdi.h(324): error C2065: 'Vector2D': undeclared identifier
c:\users\christopher.harper\desktop\github\gameai-pathfinding-2.0\buckland_chapter5-pathfinder\..\Common/misc/Cgdi.h(324): error C2923: 'std::vector': 'Vector2D' is not a valid template type argument for parameter '_Ty'
c:\users\christopher.harper\desktop\github\gameai-pathfinding-2.0\buckland_chapter5-pathfinder\..\Common/misc/Cgdi.h(324): error C3203: 'allocator': unspecialized class template can't be used as a template argument for template parameter '_Alloc', expected a real type
c:\users\christopher.harper\desktop\github\gameai-pathfinding-2.0\buckland_chapter5-pathfinder\..\Common/misc/Cgdi.h(337): error C2061: syntax error: identifier 'Vector2D'
c:\users\christopher.harper\desktop\github\gameai-pathfinding-2.0\buckland_chapter5-pathfinder\..\Common/misc/Cgdi.h(219): error C2065: 'pos': undeclared identifier
c:\users\christopher.harper\desktop\github\gameai-pathfinding-2.0\buckland_chapter5-pathfinder\..\Common/misc/Cgdi.h(219): error C2228: left of '.x' must have class/struct/union
  c:\users\christopher.harper\desktop\github\gameai-pathfinding-2.0\buckland_chapter5-pathfinder\..\Common/misc/Cgdi.h(219): note: type is 'unknown-type'
c:\users\christopher.harper\desktop\github\gameai-pathfinding-2.0\buckland_chapter5-pathfinder\..\Common/misc/Cgdi.h(219): error C2228: left of '.y' must have class/struct/union
  c:\users\christopher.harper\desktop\github\gameai-pathfinding-2.0\buckland_chapter5-pathfinder\..\Common/misc/Cgdi.h(219): note: type is 'unknown-type'
c:\users\christopher.harper\desktop\github\gameai-pathfinding-2.0\buckland_chapter5-pathfinder\..\Common/misc/Cgdi.h(219): error C2065: 's': undeclared identifier
c:\users\christopher.harper\desktop\github\gameai-pathfinding-2.0\buckland_chapter5-pathfinder\..\Common/misc/Cgdi.h(219): error C2228: left of '.c_str' must have class/struct/union
  c:\users\christopher.harper\desktop\github\gameai-pathfinding-2.0\buckland_chapter5-pathfinder\..\Common/misc/Cgdi.h(219): note: type is 'unknown-type'
c:\users\christopher.harper\desktop\github\gameai-pathfinding-2.0\buckland_chapter5-pathfinder\..\Common/misc/Cgdi.h(219): error C2228: left of '.size' must have class/struct/union
  c:\users\christopher.harper\desktop\github\gameai-pathfinding-2.0\buckland_chapter5-pathfinder\..\Common/misc/Cgdi.h(219): note: type is 'unknown-type'
c:\users\christopher.harper\desktop\github\gameai-pathfinding-2.0\buckland_chapter5-pathfinder\..\Common/misc/Cgdi.h(219): error C2660: 'TextOutA': function does not take 1 arguments
c:\users\christopher.harper\desktop\github\gameai-pathfinding-2.0\buckland_chapter5-pathfinder\..\Common/misc/Cgdi.h(233): error C2065: 'pos': undeclared identifier
c:\users\christopher.harper\desktop\github\gameai-pathfinding-2.0\buckland_chapter5-pathfinder\..\Common/misc/Cgdi.h(233): error C2228: left of '.x' must have class/struct/union
  c:\users\christopher.harper\desktop\github\gameai-pathfinding-2.0\buckland_chapter5-pathfinder\..\Common/misc/Cgdi.h(233): note: type is 'unknown-type'
c:\users\christopher.harper\desktop\github\gameai-pathfinding-2.0\buckland_chapter5-pathfinder\..\Common/misc/Cgdi.h(233): error C2228: left of '.y' must have class/struct/union
  c:\users\christopher.harper\desktop\github\gameai-pathfinding-2.0\buckland_chapter5-pathfinder\..\Common/misc/Cgdi.h(233): note: type is 'unknown-type'
c:\users\christopher.harper\desktop\github\gameai-pathfinding-2.0\buckland_chapter5-pathfinder\..\Common/misc/Cgdi.h(233): error C2065: 'color': undeclared identifier
c:\users\christopher.harper\desktop\github\gameai-pathfinding-2.0\buckland_chapter5-pathfinder\..\Common/misc/Cgdi.h(245): error C2065: 'from': undeclared identifier
c:\users\christopher.harper\desktop\github\gameai-pathfinding-2.0\buckland_chapter5-pathfinder\..\Common/misc/Cgdi.h(245): error C2228: left of '.x' must have class/struct/union
  c:\users\christopher.harper\desktop\github\gameai-pathfinding-2.0\buckland_chapter5-pathfinder\..\Common/misc/Cgdi.h(245): note: type is 'unknown-type'
c:\users\christopher.harper\desktop\github\gameai-pathfinding-2.0\buckland_chapter5-pathfinder\..\Common/misc/Cgdi.h(245): error C2228: left of '.y' must have class/struct/union
  c:\users\christopher.harper\desktop\github\gameai-pathfinding-2.0\buckland_chapter5-pathfinder\..\Common/misc/Cgdi.h(245): note: type is 'unknown-type'
c:\users\christopher.harper\desktop\github\gameai-pathfinding-2.0\buckland_chapter5-pathfinder\..\Common/misc/Cgdi.h(245): error C2660: 'MoveToEx': function does not take 2 arguments
c:\users\christopher.harper\desktop\github\gameai-pathfinding-2.0\buckland_chapter5-pathfinder\..\Common/misc/Cgdi.h(246): error C2065: 'to': undeclared identifier
c:\users\christopher.harper\desktop\github\gameai-pathfinding-2.0\buckland_chapter5-pathfinder\..\Common/misc/Cgdi.h(246): error C2228: left of '.x' must have class/struct/union
  c:\users\christopher.harper\desktop\github\gameai-pathfinding-2.0\buckland_chapter5-pathfinder\..\Common/misc/Cgdi.h(246): note: type is 'unknown-type'
c:\users\christopher.harper\desktop\github\gameai-pathfinding-2.0\buckland_chapter5-pathfinder\..\Common/misc/Cgdi.h(246): error C2228: left of '.y' must have class/struct/union
  c:\users\christopher.harper\desktop\github\gameai-pathfinding-2.0\buckland_chapter5-pathfinder\..\Common/misc/Cgdi.h(246): note: type is 'unknown-type'
c:\users\christopher.harper\desktop\github\gameai-pathfinding-2.0\buckland_chapter5-pathfinder\..\Common/misc/Cgdi.h(246): error C2660: 'LineTo': function does not take 1 arguments
c:\users\christopher.harper\desktop\github\gameai-pathfinding-2.0\buckland_chapter5-pathfinder\..\Common/misc/Cgdi.h(266): error C2662: '_Vector_alloc<_Alloc_types>::_Val_types::size_type std::vector<_Ty,_Alloc>::size(void) noexcept const': cannot convert 'this' pointer from 'const std::vector' to 'const std::vector<_Ty,_Alloc> &'
  c:\users\christopher.harper\desktop\github\gameai-pathfinding-2.0\buckland_chapter5-pathfinder\..\Common/misc/Cgdi.h(266): note: Reason: cannot convert from 'const std::vector' to 'const std::vector<_Ty,_Alloc>'
  c:\users\christopher.harper\desktop\github\gameai-pathfinding-2.0\buckland_chapter5-pathfinder\..\Common/misc/Cgdi.h(266): note: Conversion requires a second user-defined-conversion operator or constructor
c:\users\christopher.harper\desktop\github\gameai-pathfinding-2.0\buckland_chapter5-pathfinder\..\Common/misc/Cgdi.h(268): error C2678: binary '[': no operator found which takes a left-hand operand of type 'const std::vector' (or there is no acceptable conversion)
  C:\Program Files (x86)\Microsoft Visual Studio\2017\Enterprise\VC\Tools\MSVC\14.12.25827\include\vector(1804): note: could be 'const _Ty &std::vector<_Ty,_Alloc>::operator [](const _Vector_alloc<_Alloc_types>::_Val_types::size_type) const'
  C:\Program Files (x86)\Microsoft Visual Studio\2017\Enterprise\VC\Tools\MSVC\14.12.25827\include\vector(1790): note: or       '_Ty &std::vector<_Ty,_Alloc>::operator [](const _Vector_alloc<_Alloc_types>::_Val_types::size_type)'
  c:\users\christopher.harper\desktop\github\gameai-pathfinding-2.0\buckland_chapter5-pathfinder\..\Common/misc/Cgdi.h(268): note: while trying to match the argument list '(const std::vector, int)'
c:\users\christopher.harper\desktop\github\gameai-pathfinding-2.0\buckland_chapter5-pathfinder\..\Common/misc/Cgdi.h(268): error C2228: left of '.x' must have class/struct/union
c:\users\christopher.harper\desktop\github\gameai-pathfinding-2.0\buckland_chapter5-pathfinder\..\Common/misc/Cgdi.h(268): error C2088: '[': illegal for class
c:\users\christopher.harper\desktop\github\gameai-pathfinding-2.0\buckland_chapter5-pathfinder\..\Common/misc/Cgdi.h(268): error C2228: left of '.y' must have class/struct/union
c:\users\christopher.harper\desktop\github\gameai-pathfinding-2.0\buckland_chapter5-pathfinder\..\Common/misc/Cgdi.h(268): error C2660: 'MoveToEx': function does not take 2 arguments
c:\users\christopher.harper\desktop\github\gameai-pathfinding-2.0\buckland_chapter5-pathfinder\..\Common/misc/Cgdi.h(270): error C2662: '_Vector_alloc<_Alloc_types>::_Val_types::size_type std::vector<_Ty,_Alloc>::size(void) noexcept const': cannot convert 'this' pointer from 'const std::vector' to 'const std::vector<_Ty,_Alloc> &'
  c:\users\christopher.harper\desktop\github\gameai-pathfinding-2.0\buckland_chapter5-pathfinder\..\Common/misc/Cgdi.h(270): note: Reason: cannot convert from 'const std::vector' to 'const std::vector<_Ty,_Alloc>'
  c:\users\christopher.harper\desktop\github\gameai-pathfinding-2.0\buckland_chapter5-pathfinder\..\Common/misc/Cgdi.h(270): note: Conversion requires a second user-defined-conversion operator or constructor
c:\users\christopher.harper\desktop\github\gameai-pathfinding-2.0\buckland_chapter5-pathfinder\..\Common/misc/Cgdi.h(272): error C2678: binary '[': no operator found which takes a left-hand operand of type 'const std::vector' (or there is no acceptable conversion)
  C:\Program Files (x86)\Microsoft Visual Studio\2017\Enterprise\VC\Tools\MSVC\14.12.25827\include\vector(1804): note: could be 'const _Ty &std::vector<_Ty,_Alloc>::operator [](const _Vector_alloc<_Alloc_types>::_Val_types::size_type) const'
  C:\Program Files (x86)\Microsoft Visual Studio\2017\Enterprise\VC\Tools\MSVC\14.12.25827\include\vector(1790): note: or       '_Ty &std::vector<_Ty,_Alloc>::operator [](const _Vector_alloc<_Alloc_types>::_Val_types::size_type)'
  c:\users\christopher.harper\desktop\github\gameai-pathfinding-2.0\buckland_chapter5-pathfinder\..\Common/misc/Cgdi.h(272): note: while trying to match the argument list '(const std::vector, unsigned int)'
c:\users\christopher.harper\desktop\github\gameai-pathfinding-2.0\buckland_chapter5-pathfinder\..\Common/misc/Cgdi.h(272): error C2228: left of '.x' must have class/struct/union
c:\users\christopher.harper\desktop\github\gameai-pathfinding-2.0\buckland_chapter5-pathfinder\..\Common/misc/Cgdi.h(272): error C2088: '[': illegal for class
c:\users\christopher.harper\desktop\github\gameai-pathfinding-2.0\buckland_chapter5-pathfinder\..\Common/misc/Cgdi.h(272): error C2228: left of '.y' must have class/struct/union
c:\users\christopher.harper\desktop\github\gameai-pathfinding-2.0\buckland_chapter5-pathfinder\..\Common/misc/Cgdi.h(272): error C2660: 'LineTo': function does not take 1 arguments
c:\users\christopher.harper\desktop\github\gameai-pathfinding-2.0\buckland_chapter5-pathfinder\..\Common/misc/Cgdi.h(278): error C2065: 'Vector2D': undeclared identifier
c:\users\christopher.harper\desktop\github\gameai-pathfinding-2.0\buckland_chapter5-pathfinder\..\Common/misc/Cgdi.h(278): error C2146: syntax error: missing ';' before identifier 'norm'
c:\users\christopher.harper\desktop\github\gameai-pathfinding-2.0\buckland_chapter5-pathfinder\..\Common/misc/Cgdi.h(278): error C2065: 'norm': undeclared identifier
c:\users\christopher.harper\desktop\github\gameai-pathfinding-2.0\buckland_chapter5-pathfinder\..\Common/misc/Cgdi.h(278): error C2065: 'to': undeclared identifier
c:\users\christopher.harper\desktop\github\gameai-pathfinding-2.0\buckland_chapter5-pathfinder\..\Common/misc/Cgdi.h(278): error C2065: 'from': undeclared identifier
c:\users\christopher.harper\desktop\github\gameai-pathfinding-2.0\buckland_chapter5-pathfinder\..\Common/misc/Cgdi.h(278): error C3861: 'Vec2DNormalize': identifier not found
c:\users\christopher.harper\desktop\github\gameai-pathfinding-2.0\buckland_chapter5-pathfinder\..\Common/misc/Cgdi.h(281): error C2065: 'Vector2D': undeclared identifier
c:\users\christopher.harper\desktop\github\gameai-pathfinding-2.0\buckland_chapter5-pathfinder\..\Common/misc/Cgdi.h(281): error C2146: syntax error: missing ';' before identifier 'CrossingPoint'
c:\users\christopher.harper\desktop\github\gameai-pathfinding-2.0\buckland_chapter5-pathfinder\..\Common/misc/Cgdi.h(281): error C2065: 'CrossingPoint': undeclared identifier
c:\users\christopher.harper\desktop\github\gameai-pathfinding-2.0\buckland_chapter5-pathfinder\..\Common/misc/Cgdi.h(281): error C2065: 'to': undeclared identifier
c:\users\christopher.harper\desktop\github\gameai-pathfinding-2.0\buckland_chapter5-pathfinder\..\Common/misc/Cgdi.h(281): error C2065: 'norm': undeclared identifier
c:\users\christopher.harper\desktop\github\gameai-pathfinding-2.0\buckland_chapter5-pathfinder\..\Common/misc/Cgdi.h(281): error C2065: 'size': undeclared identifier
c:\users\christopher.harper\desktop\github\gameai-pathfinding-2.0\buckland_chapter5-pathfinder\..\Common/misc/Cgdi.h(284): error C2065: 'Vector2D': undeclared identifier
c:\users\christopher.harper\desktop\github\gameai-pathfinding-2.0\buckland_chapter5-pathfinder\..\Common/misc/Cgdi.h(284): error C2146: syntax error: missing ';' before identifier 'ArrowPoint1'
c:\users\christopher.harper\desktop\github\gameai-pathfinding-2.0\buckland_chapter5-pathfinder\..\Common/misc/Cgdi.h(284): error C2065: 'ArrowPoint1': undeclared identifier
c:\users\christopher.harper\desktop\github\gameai-pathfinding-2.0\buckland_chapter5-pathfinder\..\Common/misc/Cgdi.h(284): error C2065: 'CrossingPoint': undeclared identifier
c:\users\christopher.harper\desktop\github\gameai-pathfinding-2.0\buckland_chapter5-pathfinder\..\Common/misc/Cgdi.h(284): error C2065: 'norm': undeclared identifier
c:\users\christopher.harper\desktop\github\gameai-pathfinding-2.0\buckland_chapter5-pathfinder\..\Common/misc/Cgdi.h(284): error C2228: left of '.Perp' must have class/struct/union
  c:\users\christopher.harper\desktop\github\gameai-pathfinding-2.0\buckland_chapter5-pathfinder\..\Common/misc/Cgdi.h(284): note: type is 'unknown-type'
c:\users\christopher.harper\desktop\github\gameai-pathfinding-2.0\buckland_chapter5-pathfinder\..\Common/misc/Cgdi.h(284): error C2065: 'size': undeclared identifier
c:\users\christopher.harper\desktop\github\gameai-pathfinding-2.0\buckland_chapter5-pathfinder\..\Common/misc/Cgdi.h(285): error C2065: 'Vector2D': undeclared identifier
c:\users\christopher.harper\desktop\github\gameai-pathfinding-2.0\buckland_chapter5-pathfinder\..\Common/misc/Cgdi.h(285): error C2146: syntax error: missing ';' before identifier 'ArrowPoint2'
c:\users\christopher.harper\desktop\github\gameai-pathfinding-2.0\buckland_chapter5-pathfinder\..\Common/misc/Cgdi.h(285): error C2065: 'ArrowPoint2': undeclared identifier
c:\users\christopher.harper\desktop\github\gameai-pathfinding-2.0\buckland_chapter5-pathfinder\..\Common/misc/Cgdi.h(285): error C2065: 'CrossingPoint': undeclared identifier
c:\users\christopher.harper\desktop\github\gameai-pathfinding-2.0\buckland_chapter5-pathfinder\..\Common/misc/Cgdi.h(285): error C2065: 'norm': undeclared identifier
c:\users\christopher.harper\desktop\github\gameai-pathfinding-2.0\buckland_chapter5-pathfinder\..\Common/misc/Cgdi.h(285): error C2228: left of '.Perp' must have class/struct/union
  c:\users\christopher.harper\desktop\github\gameai-pathfinding-2.0\buckland_chapter5-pathfinder\..\Common/misc/Cgdi.h(285): note: type is 'unknown-type'
c:\users\christopher.harper\desktop\github\gameai-pathfinding-2.0\buckland_chapter5-pathfinder\..\Common/misc/Cgdi.h(285): error C2065: 'size': undeclared identifier
c:\users\christopher.harper\desktop\github\gameai-pathfinding-2.0\buckland_chapter5-pathfinder\..\Common/misc/Cgdi.h(288): error C2065: 'from': undeclared identifier
c:\users\christopher.harper\desktop\github\gameai-pathfinding-2.0\buckland_chapter5-pathfinder\..\Common/misc/Cgdi.h(288): error C2228: left of '.x' must have class/struct/union
  c:\users\christopher.harper\desktop\github\gameai-pathfinding-2.0\buckland_chapter5-pathfinder\..\Common/misc/Cgdi.h(288): note: type is 'unknown-type'
c:\users\christopher.harper\desktop\github\gameai-pathfinding-2.0\buckland_chapter5-pathfinder\..\Common/misc/Cgdi.h(288): error C2228: left of '.y' must have class/struct/union
  c:\users\christopher.harper\desktop\github\gameai-pathfinding-2.0\buckland_chapter5-pathfinder\..\Common/misc/Cgdi.h(288): note: type is 'unknown-type'
c:\users\christopher.harper\desktop\github\gameai-pathfinding-2.0\buckland_chapter5-pathfinder\..\Common/misc/Cgdi.h(288): error C2660: 'MoveToEx': function does not take 2 arguments
c:\users\christopher.harper\desktop\github\gameai-pathfinding-2.0\buckland_chapter5-pathfinder\..\Common/misc/Cgdi.h(289): error C2065: 'CrossingPoint': undeclared identifier
c:\users\christopher.harper\desktop\github\gameai-pathfinding-2.0\buckland_chapter5-pathfinder\..\Common/misc/Cgdi.h(289): error C2228: left of '.x' must have class/struct/union
  c:\users\christopher.harper\desktop\github\gameai-pathfinding-2.0\buckland_chapter5-pathfinder\..\Common/misc/Cgdi.h(289): note: type is 'unknown-type'
c:\users\christopher.harper\desktop\github\gameai-pathfinding-2.0\buckland_chapter5-pathfinder\..\Common/misc/Cgdi.h(289): error C2228: left of '.y' must have class/struct/union
  c:\users\christopher.harper\desktop\github\gameai-pathfinding-2.0\buckland_chapter5-pathfinder\..\Common/misc/Cgdi.h(289): note: type is 'unknown-type'
c:\users\christopher.harper\desktop\github\gameai-pathfinding-2.0\buckland_chapter5-pathfinder\..\Common/misc/Cgdi.h(289): error C2660: 'LineTo': function does not take 1 arguments
c:\users\christopher.harper\desktop\github\gameai-pathfinding-2.0\buckland_chapter5-pathfinder\..\Common/misc/Cgdi.h(294): error C2065: 'ArrowPoint1': undeclared identifier
c:\users\christopher.harper\desktop\github\gameai-pathfinding-2.0\buckland_chapter5-pathfinder\..\Common/misc/Cgdi.h(294): error C3861: 'VectorToPOINT': identifier not found
c:\users\christopher.harper\desktop\github\gameai-pathfinding-2.0\buckland_chapter5-pathfinder\..\Common/misc/Cgdi.h(295): error C2065: 'ArrowPoint2': undeclared identifier
c:\users\christopher.harper\desktop\github\gameai-pathfinding-2.0\buckland_chapter5-pathfinder\..\Common/misc/Cgdi.h(295): error C3861: 'VectorToPOINT': identifier not found
c:\users\christopher.harper\desktop\github\gameai-pathfinding-2.0\buckland_chapter5-pathfinder\..\Common/misc/Cgdi.h(296): error C2065: 'to': undeclared identifier
c:\users\christopher.harper\desktop\github\gameai-pathfinding-2.0\buckland_chapter5-pathfinder\..\Common/misc/Cgdi.h(296): error C3861: 'VectorToPOINT': identifier not found
c:\users\christopher.harper\desktop\github\gameai-pathfinding-2.0\buckland_chapter5-pathfinder\..\Common/misc/Cgdi.h(305): error C2065: 'pos': undeclared identifier
c:\users\christopher.harper\desktop\github\gameai-pathfinding-2.0\buckland_chapter5-pathfinder\..\Common/misc/Cgdi.h(305): error C2228: left of '.x' must have class/struct/union
  c:\users\christopher.harper\desktop\github\gameai-pathfinding-2.0\buckland_chapter5-pathfinder\..\Common/misc/Cgdi.h(305): note: type is 'unknown-type'
c:\users\christopher.harper\desktop\github\gameai-pathfinding-2.0\buckland_chapter5-pathfinder\..\Common/misc/Cgdi.h(305): error C2065: 'diameter': undeclared identifier
c:\users\christopher.harper\desktop\github\gameai-pathfinding-2.0\buckland_chapter5-pathfinder\..\Common/misc/Cgdi.h(305): error C2228: left of '.y' must have class/struct/union
  c:\users\christopher.harper\desktop\github\gameai-pathfinding-2.0\buckland_chapter5-pathfinder\..\Common/misc/Cgdi.h(305): note: type is 'unknown-type'
c:\users\christopher.harper\desktop\github\gameai-pathfinding-2.0\buckland_chapter5-pathfinder\..\Common/misc/Cgdi.h(305): error C2661: 'Cgdi::Line': no overloaded function takes 1 arguments
c:\users\christopher.harper\desktop\github\gameai-pathfinding-2.0\buckland_chapter5-pathfinder\..\Common/misc/Cgdi.h(306): error C2065: 'pos': undeclared identifier
c:\users\christopher.harper\desktop\github\gameai-pathfinding-2.0\buckland_chapter5-pathfinder\..\Common/misc/Cgdi.h(306): error C2228: left of '.x' must have class/struct/union
  c:\users\christopher.harper\desktop\github\gameai-pathfinding-2.0\buckland_chapter5-pathfinder\..\Common/misc/Cgdi.h(306): note: type is 'unknown-type'
c:\users\christopher.harper\desktop\github\gameai-pathfinding-2.0\buckland_chapter5-pathfinder\..\Common/misc/Cgdi.h(306): error C2065: 'diameter': undeclared identifier
c:\users\christopher.harper\desktop\github\gameai-pathfinding-2.0\buckland_chapter5-pathfinder\..\Common/misc/Cgdi.h(306): fatal error C1003: error count exceeds 100; stopping compilation
  Generating Code...
